<?xml version="1.0" encoding="UTF-8"?>
<!-- Generated by org.testng.reporters.JUnitXMLReporter -->
<testsuite ignored="0" hostname="LAPTOP-U93KTHPP" failures="0" tests="3" name="Test" time="51.713" errors="0" timestamp="2021-10-29T23:37:33 IST">
  <testcase classname="testClasses.VerifyHomePage" name="verifyAllOption" time="2.618"/>
  <testcase classname="testClasses.VerifyHomePage" name="verifyFashion" time="7.367"/>
  <testcase classname="testClasses.GiftIdeasVerification" name="verfyGiftIdeas" time="7.461"/>
</testsuite> <!-- Test -->
